<?xml version="1.0" encoding="UTF-8"?>
<!-- Generated by org.testng.reporters.JUnitReportReporter -->
<testsuite hostname="DESKTOP-U4VO43A" failures="0" tests="1" name="com.trivago_casestudy.travel.testcase.Contactform_linkTest" time="48.540" errors="0" timestamp="10 Dec 2018 18:02:12 GMT" skipped="0">
  <testcase classname="com.trivago_casestudy.travel.testcase.Contactform_linkTest" name="ContactformFill" time="48.540"/>
</testsuite> <!-- com.trivago_casestudy.travel.testcase.Contactform_linkTest -->
